<?xml version="1.0" encoding="UTF-8"?>
<!-- Generated by org.testng.reporters.JUnitReportReporter -->
<testsuite hostname="LTIN522182" failures="0" tests="7" name="quoeraSerchAutomation.main" time="12.561" errors="0" timestamp="2024-12-31T15:39:46 IST" skipped="0">
  <testcase classname="quoeraSerchAutomation.main" name="clickSignin" time="0.238"/>
  <system-out/>
  <testcase classname="quoeraSerchAutomation.main" name="clickSignupEmail" time="0.245"/>
  <system-out/>
  <testcase classname="quoeraSerchAutomation.main" name="signUpButtonStatus" time="0.125"/>
  <system-out/>
  <testcase classname="quoeraSerchAutomation.main" name="emailVerification" time="2.408"/>
  <system-out/>
  <testcase classname="quoeraSerchAutomation.main" name="returnToLogin" time="0.204"/>
  <system-out/>
  <testcase classname="quoeraSerchAutomation.main" name="Login" time="1.804"/>
  <system-out/>
  <testcase classname="quoeraSerchAutomation.main" name="EnteringSearchValue" time="7.537"/>
  <system-out/>
</testsuite> <!-- quoeraSerchAutomation.main -->
