<?xml version="1.0" encoding="UTF-8"?>
<!-- Generated by org.testng.reporters.JUnitReportReporter -->
<testsuite hostname="LTIN522182" failures="0" tests="7" name="quoraSearchAutomation.main" time="12.217" errors="0" timestamp="2025-01-03T17:36:08 IST" skipped="0">
  <testcase classname="quoraSearchAutomation.main" name="clickSignin" time="1.012"/>
  <system-out/>
  <testcase classname="quoraSearchAutomation.main" name="clickSignupEmail" time="0.578"/>
  <system-out/>
  <testcase classname="quoraSearchAutomation.main" name="signUpButtonStatus" time="0.253"/>
  <system-out/>
  <testcase classname="quoraSearchAutomation.main" name="emailVerification" time="2.270"/>
  <system-out/>
  <testcase classname="quoraSearchAutomation.main" name="returnToLogin" time="0.397"/>
  <system-out/>
  <testcase classname="quoraSearchAutomation.main" name="Login" time="1.890"/>
  <system-out/>
  <testcase classname="quoraSearchAutomation.main" name="EnteringSearchValue" time="5.817"/>
  <system-out/>
</testsuite> <!-- quoraSearchAutomation.main -->
