<?xml version="1.0" encoding="UTF-8"?>
<!-- Generated by org.testng.reporters.JUnitReportReporter -->
<testsuite hostname="LTIN522182" failures="0" tests="7" name="quoraSerchAutomation.main" time="13.112" errors="0" timestamp="2024-12-31T21:20:11 IST" skipped="0">
  <testcase classname="quoraSerchAutomation.main" name="clickSignin" time="0.129"/>
  <system-out/>
  <testcase classname="quoraSerchAutomation.main" name="clickSignupEmail" time="0.123"/>
  <system-out/>
  <testcase classname="quoraSerchAutomation.main" name="signUpButtonStatus" time="1.044"/>
  <system-out/>
  <testcase classname="quoraSerchAutomation.main" name="emailVerification" time="2.141"/>
  <system-out/>
  <testcase classname="quoraSerchAutomation.main" name="returnToLogin" time="0.212"/>
  <system-out/>
  <testcase classname="quoraSerchAutomation.main" name="Login" time="1.852"/>
  <system-out/>
  <testcase classname="quoraSerchAutomation.main" name="EnteringSearchValue" time="7.611"/>
  <system-out/>
</testsuite> <!-- quoraSerchAutomation.main -->
